<?xml version="1.0" encoding="UTF-8"?>
<testsuite xmlns:xsi="http://www.w3.org/2001/XMLSchema-instance" xsi:noNamespaceSchemaLocation="https://maven.apache.org/surefire/maven-surefire-plugin/xsd/surefire-test-report-3.0.xsd" version="3.0" name="com.pollen.management.property.RotationThresholdEffectivenessPropertyTest" time="0.357" tests="3" errors="0" skipped="0" failures="0">
  <properties>
[...]
</properties>
  <testcase name="property11 dismissalThresholdAndMonthsAreRespected" classname="com.pollen.management.property.RotationThresholdEffectivenessPropertyTest" time="0.219">
    <system-out><![CDATA[19:04:38.007 [main] INFO com.pollen.management.service.MemberRotationServiceImpl -- 实习成员 3 连续 3 个月积分未达 11 分，已标记为待开除
19:04:38.012 [main] INFO com.pollen.management.service.MemberRotationServiceImpl -- 实习成员 3 连续 2 个月积分未达 23 分，已标记为待开除
19:04:38.013 [main] INFO com.pollen.management.service.MemberRotationServiceImpl -- 实习成员 3 连续 2 个月积分未达 2 分，已标记为待开除
19:04:38.015 [main] INFO com.pollen.management.service.MemberRotationServiceImpl -- 实习成员 3 连续 1 个月积分未达 2 分，已标记为待开除
19:04:38.017 [main] INFO com.pollen.management.service.MemberRotationServiceImpl -- 实习成员 3 连续 1 个月积分未达 114 分，已标记为待开除
19:04:38.021 [main] INFO com.pollen.management.service.MemberRotationServiceImpl -- 实习成员 3 连续 6 个月积分未达 17 分，已标记为待开除
19:04:38.024 [main] INFO com.pollen.management.service.MemberRotationServiceImpl -- 实习成员 3 连续 4 个月积分未达 222 分，已标记为待开除
19:04:38.026 [main] INFO com.pollen.management.service.MemberRotationServiceImpl -- 实习成员 3 连续 6 个月积分未达 2 分，已标记为待开除
19:04:38.027 [main] INFO com.pollen.management.service.MemberRotationServiceImpl -- 实习成员 3 连续 2 个月积分未达 13 分，已标记为待开除
19:04:38.029 [main] INFO com.pollen.management.service.MemberRotationServiceImpl -- 实习成员 3 连续 6 个月积分未达 355 分，已标记为待开除
19:04:38.031 [main] INFO com.pollen.management.service.MemberRotationServiceImpl -- 实习成员 3 连续 2 个月积分未达 17 分，已标记为待开除
19:04:38.032 [main] INFO com.pollen.management.service.MemberRotationServiceImpl -- 实习成员 3 连续 1 个月积分未达 23 分，已标记为待开除
19:04:38.034 [main] INFO com.pollen.management.service.MemberRotationServiceImpl -- 实习成员 3 连续 4 个月积分未达 20 分，已标记为待开除
19:04:38.036 [main] INFO com.pollen.management.service.MemberRotationServiceImpl -- 实习成员 3 连续 1 个月积分未达 149 分，已标记为待开除
19:04:38.038 [main] INFO com.pollen.management.service.MemberRotationServiceImpl -- 实习成员 3 连续 5 个月积分未达 221 分，已标记为待开除
19:04:38.041 [main] INFO com.pollen.management.service.MemberRotationServiceImpl -- 实习成员 3 连续 4 个月积分未达 3 分，已标记为待开除
19:04:38.042 [main] INFO com.pollen.management.service.MemberRotationServiceImpl -- 实习成员 3 连续 5 个月积分未达 2 分，已标记为待开除
19:04:38.044 [main] INFO com.pollen.management.service.MemberRotationServiceImpl -- 实习成员 3 连续 3 个月积分未达 32 分，已标记为待开除
19:04:38.045 [main] INFO com.pollen.management.service.MemberRotationServiceImpl -- 实习成员 3 连续 1 个月积分未达 423 分，已标记为待开除
19:04:38.046 [main] INFO com.pollen.management.service.MemberRotationServiceImpl -- 实习成员 3 连续 1 个月积分未达 44 分，已标记为待开除
19:04:38.047 [main] INFO com.pollen.management.service.MemberRotationServiceImpl -- 实习成员 3 连续 1 个月积分未达 164 分，已标记为待开除
19:04:38.051 [main] INFO com.pollen.management.service.MemberRotationServiceImpl -- 实习成员 3 连续 1 个月积分未达 2 分，已标记为待开除
19:04:38.053 [main] INFO com.pollen.management.service.MemberRotationServiceImpl -- 实习成员 3 连续 2 个月积分未达 125 分，已标记为待开除
19:04:38.055 [main] INFO com.pollen.management.service.MemberRotationServiceImpl -- 实习成员 3 连续 1 个月积分未达 203 分，已标记为待开除
19:04:38.057 [main] INFO com.pollen.management.service.MemberRotationServiceImpl -- 实习成员 3 连续 2 个月积分未达 13 分，已标记为待开除
19:04:38.058 [main] INFO com.pollen.management.service.MemberRotationServiceImpl -- 实习成员 3 连续 2 个月积分未达 141 分，已标记为待开除
19:04:38.060 [main] INFO com.pollen.management.service.MemberRotationServiceImpl -- 实习成员 3 连续 3 个月积分未达 47 分，已标记为待开除
19:04:38.064 [main] INFO com.pollen.management.service.MemberRotationServiceImpl -- 实习成员 3 连续 6 个月积分未达 92 分，已标记为待开除
19:04:38.065 [main] INFO com.pollen.management.service.MemberRotationServiceImpl -- 实习成员 3 连续 3 个月积分未达 1 分，已标记为待开除
19:04:38.066 [main] INFO com.pollen.management.service.MemberRotationServiceImpl -- 实习成员 3 连续 1 个月积分未达 23 分，已标记为待开除
19:04:38.068 [main] INFO com.pollen.management.service.MemberRotationServiceImpl -- 实习成员 3 连续 1 个月积分未达 153 分，已标记为待开除
19:04:38.070 [main] INFO com.pollen.management.service.MemberRotationServiceImpl -- 实习成员 3 连续 5 个月积分未达 149 分，已标记为待开除
19:04:38.072 [main] INFO com.pollen.management.service.MemberRotationServiceImpl -- 实习成员 3 连续 2 个月积分未达 18 分，已标记为待开除
19:04:38.075 [main] INFO com.pollen.management.service.MemberRotationServiceImpl -- 实习成员 3 连续 5 个月积分未达 130 分，已标记为待开除
19:04:38.078 [main] INFO com.pollen.management.service.MemberRotationServiceImpl -- 实习成员 3 连续 5 个月积分未达 11 分，已标记为待开除
19:04:38.080 [main] INFO com.pollen.management.service.MemberRotationServiceImpl -- 实习成员 3 连续 6 个月积分未达 15 分，已标记为待开除
19:04:38.082 [main] INFO com.pollen.management.service.MemberRotationServiceImpl -- 实习成员 3 连续 5 个月积分未达 40 分，已标记为待开除
19:04:38.084 [main] INFO com.pollen.management.service.MemberRotationServiceImpl -- 实习成员 3 连续 2 个月积分未达 1 分，已标记为待开除
19:04:38.085 [main] INFO com.pollen.management.service.MemberRotationServiceImpl -- 实习成员 3 连续 2 个月积分未达 422 分，已标记为待开除
19:04:38.086 [main] INFO com.pollen.management.service.MemberRotationServiceImpl -- 实习成员 3 连续 1 个月积分未达 1 分，已标记为待开除
19:04:38.087 [main] INFO com.pollen.management.service.MemberRotationServiceImpl -- 实习成员 3 连续 5 个月积分未达 1 分，已标记为待开除
19:04:38.090 [main] INFO com.pollen.management.service.MemberRotationServiceImpl -- 实习成员 3 连续 6 个月积分未达 337 分，已标记为待开除
19:04:38.091 [main] INFO com.pollen.management.service.MemberRotationServiceImpl -- 实习成员 3 连续 6 个月积分未达 1 分，已标记为待开除
19:04:38.093 [main] INFO com.pollen.management.service.MemberRotationServiceImpl -- 实习成员 3 连续 4 个月积分未达 10 分，已标记为待开除
19:04:38.095 [main] INFO com.pollen.management.service.MemberRotationServiceImpl -- 实习成员 3 连续 5 个月积分未达 1 分，已标记为待开除
19:04:38.097 [main] INFO com.pollen.management.service.MemberRotationServiceImpl -- 实习成员 3 连续 5 个月积分未达 51 分，已标记为待开除
19:04:38.098 [main] INFO com.pollen.management.service.MemberRotationServiceImpl -- 实习成员 3 连续 2 个月积分未达 3 分，已标记为待开除
19:04:38.116 [main] INFO com.pollen.management.service.MemberRotationServiceImpl -- 实习成员 3 连续 4 个月积分未达 19 分，已标记为待开除
19:04:38.117 [main] INFO com.pollen.management.service.MemberRotationServiceImpl -- 实习成员 3 连续 2 个月积分未达 59 分，已标记为待开除
19:04:38.119 [main] INFO com.pollen.management.service.MemberRotationServiceImpl -- 实习成员 3 连续 6 个月积分未达 267 分，已标记为待开除
19:04:38.121 [main] INFO com.pollen.management.service.MemberRotationServiceImpl -- 实习成员 3 连续 3 个月积分未达 203 分，已标记为待开除
19:04:38.123 [main] INFO com.pollen.management.service.MemberRotationServiceImpl -- 实习成员 3 连续 6 个月积分未达 24 分，已标记为待开除
19:04:38.123 [main] INFO com.pollen.management.service.MemberRotationServiceImpl -- 实习成员 3 连续 5 个月积分未达 58 分，已标记为待开除
19:04:38.125 [main] INFO com.pollen.management.service.MemberRotationServiceImpl -- 实习成员 3 连续 1 个月积分未达 340 分，已标记为待开除
19:04:38.126 [main] INFO com.pollen.management.service.MemberRotationServiceImpl -- 实习成员 3 连续 4 个月积分未达 24 分，已标记为待开除
19:04:38.130 [main] INFO com.pollen.management.service.MemberRotationServiceImpl -- 实习成员 3 连续 4 个月积分未达 317 分，已标记为待开除
19:04:38.131 [main] INFO com.pollen.management.service.MemberRotationServiceImpl -- 实习成员 3 连续 2 个月积分未达 123 分，已标记为待开除
19:04:38.132 [main] INFO com.pollen.management.service.MemberRotationServiceImpl -- 实习成员 3 连续 6 个月积分未达 84 分，已标记为待开除
19:04:38.135 [main] INFO com.pollen.management.service.MemberRotationServiceImpl -- 实习成员 3 连续 6 个月积分未达 22 分，已标记为待开除
19:04:38.136 [main] INFO com.pollen.management.service.MemberRotationServiceImpl -- 实习成员 3 连续 5 个月积分未达 189 分，已标记为待开除
19:04:38.137 [main] INFO com.pollen.management.service.MemberRotationServiceImpl -- 实习成员 3 连续 5 个月积分未达 40 分，已标记为待开除
19:04:38.139 [main] INFO com.pollen.management.service.MemberRotationServiceImpl -- 实习成员 3 连续 4 个月积分未达 297 分，已标记为待开除
19:04:38.140 [main] INFO com.pollen.management.service.MemberRotationServiceImpl -- 实习成员 3 连续 1 个月积分未达 13 分，已标记为待开除
19:04:38.142 [main] INFO com.pollen.management.service.MemberRotationServiceImpl -- 实习成员 3 连续 4 个月积分未达 47 分，已标记为待开除
19:04:38.144 [main] INFO com.pollen.management.service.MemberRotationServiceImpl -- 实习成员 3 连续 6 个月积分未达 17 分，已标记为待开除
19:04:38.145 [main] INFO com.pollen.management.service.MemberRotationServiceImpl -- 实习成员 3 连续 1 个月积分未达 2 分，已标记为待开除
19:04:38.147 [main] INFO com.pollen.management.service.MemberRotationServiceImpl -- 实习成员 3 连续 3 个月积分未达 30 分，已标记为待开除
19:04:38.148 [main] INFO com.pollen.management.service.MemberRotationServiceImpl -- 实习成员 3 连续 5 个月积分未达 129 分，已标记为待开除
19:04:38.150 [main] INFO com.pollen.management.service.MemberRotationServiceImpl -- 实习成员 3 连续 2 个月积分未达 12 分，已标记为待开除
19:04:38.151 [main] INFO com.pollen.management.service.MemberRotationServiceImpl -- 实习成员 3 连续 2 个月积分未达 500 分，已标记为待开除
19:04:38.153 [main] INFO com.pollen.management.service.MemberRotationServiceImpl -- 实习成员 3 连续 4 个月积分未达 128 分，已标记为待开除
19:04:38.154 [main] INFO com.pollen.management.service.MemberRotationServiceImpl -- 实习成员 3 连续 2 个月积分未达 251 分，已标记为待开除
19:04:38.156 [main] INFO com.pollen.management.service.MemberRotationServiceImpl -- 实习成员 3 连续 2 个月积分未达 423 分，已标记为待开除
19:04:38.159 [main] INFO com.pollen.management.service.MemberRotationServiceImpl -- 实习成员 3 连续 3 个月积分未达 23 分，已标记为待开除
19:04:38.161 [main] INFO com.pollen.management.service.MemberRotationServiceImpl -- 实习成员 3 连续 6 个月积分未达 26 分，已标记为待开除
19:04:38.163 [main] INFO com.pollen.management.service.MemberRotationServiceImpl -- 实习成员 3 连续 1 个月积分未达 500 分，已标记为待开除
19:04:38.166 [main] INFO com.pollen.management.service.MemberRotationServiceImpl -- 实习成员 3 连续 1 个月积分未达 19 分，已标记为待开除
19:04:38.167 [main] INFO com.pollen.management.service.MemberRotationServiceImpl -- 实习成员 3 连续 3 个月积分未达 9 分，已标记为待开除
19:04:38.168 [main] INFO com.pollen.management.service.MemberRotationServiceImpl -- 实习成员 3 连续 6 个月积分未达 500 分，已标记为待开除
19:04:38.171 [main] INFO com.pollen.management.service.MemberRotationServiceImpl -- 实习成员 3 连续 5 个月积分未达 500 分，已标记为待开除
19:04:38.175 [main] INFO com.pollen.management.service.MemberRotationServiceImpl -- 实习成员 3 连续 3 个月积分未达 141 分，已标记为待开除
19:04:38.177 [main] INFO com.pollen.management.service.MemberRotationServiceImpl -- 实习成员 3 连续 6 个月积分未达 23 分，已标记为待开除
19:04:38.178 [main] INFO com.pollen.management.service.MemberRotationServiceImpl -- 实习成员 3 连续 3 个月积分未达 46 分，已标记为待开除
19:04:38.179 [main] INFO com.pollen.management.service.MemberRotationServiceImpl -- 实习成员 3 连续 1 个月积分未达 44 分，已标记为待开除
19:04:38.180 [main] INFO com.pollen.management.service.MemberRotationServiceImpl -- 实习成员 3 连续 4 个月积分未达 311 分，已标记为待开除
19:04:38.183 [main] INFO com.pollen.management.service.MemberRotationServiceImpl -- 实习成员 3 连续 6 个月积分未达 165 分，已标记为待开除
19:04:38.185 [main] INFO com.pollen.management.service.MemberRotationServiceImpl -- 实习成员 3 连续 4 个月积分未达 1 分，已标记为待开除
19:04:38.186 [main] INFO com.pollen.management.service.MemberRotationServiceImpl -- 实习成员 3 连续 5 个月积分未达 18 分，已标记为待开除
19:04:38.189 [main] INFO com.pollen.management.service.MemberRotationServiceImpl -- 实习成员 3 连续 1 个月积分未达 55 分，已标记为待开除
19:04:38.191 [main] INFO com.pollen.management.service.MemberRotationServiceImpl -- 实习成员 3 连续 6 个月积分未达 15 分，已标记为待开除
19:04:38.195 [main] INFO com.pollen.management.service.MemberRotationServiceImpl -- 实习成员 3 连续 3 个月积分未达 6 分，已标记为待开除
19:04:38.197 [main] INFO com.pollen.management.service.MemberRotationServiceImpl -- 实习成员 3 连续 6 个月积分未达 72 分，已标记为待开除
19:04:38.201 [main] INFO com.pollen.management.service.MemberRotationServiceImpl -- 实习成员 3 连续 5 个月积分未达 253 分，已标记为待开除
19:04:38.203 [main] INFO com.pollen.management.service.MemberRotationServiceImpl -- 实习成员 3 连续 4 个月积分未达 10 分，已标记为待开除
19:04:38.205 [main] INFO com.pollen.management.service.MemberRotationServiceImpl -- 实习成员 3 连续 3 个月积分未达 21 分，已标记为待开除
19:04:38.207 [main] INFO com.pollen.management.service.MemberRotationServiceImpl -- 实习成员 3 连续 1 个月积分未达 6 分，已标记为待开除
19:04:38.209 [main] INFO com.pollen.management.service.MemberRotationServiceImpl -- 实习成员 3 连续 2 个月积分未达 499 分，已标记为待开除
19:04:38.210 [main] INFO com.pollen.management.service.MemberRotationServiceImpl -- 实习成员 3 连续 1 个月积分未达 89 分，已标记为待开除
19:04:38.211 [main] INFO com.pollen.management.service.MemberRotationServiceImpl -- 实习成员 3 连续 3 个月积分未达 12 分，已标记为待开除
19:04:38.213 [main] INFO com.pollen.management.service.MemberRotationServiceImpl -- 实习成员 3 连续 5 个月积分未达 263 分，已标记为待开除
timestamp = 2026-02-25T19:04:38.216443900, RotationThresholdEffectivenessPropertyTest:property11 dismissalThresholdAndMonthsAreRespected = 
                              |-----------------------jqwik-----------------------
tries = 100                   | # of calls to property
checks = 100                  | # of not rejected calls
generation = RANDOMIZED       | parameters are randomly generated
after-failure = SAMPLE_FIRST  | try previously failed sample, then previous seed
when-fixed-seed = ALLOW       | fixing the random seed is allowed
edge-cases#mode = MIXIN       | edge cases are mixed in
edge-cases#total = 16         | # of all combined edge cases
edge-cases#tried = 13         | # of edge cases tried in current run
seed = -1351471004596155866   | random seed to reproduce generated values


]]></system-out>
  </testcase>
  <testcase name="property11 promotionThresholdIsRespected" classname="com.pollen.management.property.RotationThresholdEffectivenessPropertyTest" time="0.077">
    <system-out><![CDATA[timestamp = 2026-02-25T19:04:38.293106, RotationThresholdEffectivenessPropertyTest:property11 promotionThresholdIsRespected = 
                              |-----------------------jqwik-----------------------
tries = 100                   | # of calls to property
checks = 100                  | # of not rejected calls
generation = RANDOMIZED       | parameters are randomly generated
after-failure = SAMPLE_FIRST  | try previously failed sample, then previous seed
when-fixed-seed = ALLOW       | fixing the random seed is allowed
edge-cases#mode = MIXIN       | edge cases are mixed in
edge-cases#total = 4          | # of all combined edge cases
edge-cases#tried = 4          | # of edge cases tried in current run
seed = -7603203926721796706   | random seed to reproduce generated values


]]></system-out>
  </testcase>
  <testcase name="property11 demotionThresholdAndMonthsAreRespected" classname="com.pollen.management.property.RotationThresholdEffectivenessPropertyTest" time="0.06">
    <system-out><![CDATA[timestamp = 2026-02-25T19:04:38.353433200, RotationThresholdEffectivenessPropertyTest:property11 demotionThresholdAndMonthsAreRespected = 
                              |-----------------------jqwik-----------------------
tries = 100                   | # of calls to property
checks = 100                  | # of not rejected calls
generation = RANDOMIZED       | parameters are randomly generated
after-failure = SAMPLE_FIRST  | try previously failed sample, then previous seed
when-fixed-seed = ALLOW       | fixing the random seed is allowed
edge-cases#mode = MIXIN       | edge cases are mixed in
edge-cases#total = 16         | # of all combined edge cases
edge-cases#tried = 13         | # of edge cases tried in current run
seed = -3182412664429394620   | random seed to reproduce generated values


]]></system-out>
  </testcase>
</testsuite>